<?xml version="1.0" encoding="UTF-8"?>
<mule xmlns:xsi="http://www.w3.org/2001/XMLSchema-instance"
      xmlns:soap="http://www.mulesoft.org/schema/mule/simple"
      xmlns="http://www.mulesoft.org/schema/mule/core"
      xsi:schemaLocation="http://www.mulesoft.org/schema/mule/core http://www.mulesoft.org/schema/mule/core/current/mule.xsd
      http://www.mulesoft.org/schema/mule/simple http://www.mulesoft.org/schema/mule/simple/current/mule-simple.xsd">

    <soap:config name="failureOnServiceProvider">
        <soap:test-connection url="${address}?wsdl" service="TestService" port="ERROR_PORT">
            <soap:transport>
                <soap:test-http-dispatcher-provider/>
            </soap:transport>
        </soap:test-connection>
    </soap:config>

    <soap:config name="failureOnDispatcherProvider">
        <soap:test-connection url="${address}?wsdl" service="TestService" port="TestPort">
            <soap:transport>
                <soap:http-extensions-client-provider requesterConfig="invalid"/>
            </soap:transport>
        </soap:test-connection>
    </soap:config>

    <soap:config name="failureOnDispatcherProviderUsingService">
        <soap:test-connection url="${address}?wsdl" service="TestService" port="invalidPort">
            <soap:transport>
                <soap:http-extensions-client-provider requesterConfig="holis"/>
            </soap:transport>
        </soap:test-connection>
    </soap:config>

    <soap:config name="success">
        <soap:test-connection url="${address}?wsdl" service="TestService" port="TestPort"/>
    </soap:config>
</mule>
