<?xml version="1.0" encoding="UTF-8"?>
<mule xmlns="http://www.mulesoft.org/schema/mule/core" xmlns:xsi="http://www.w3.org/2001/XMLSchema-instance"
      xmlns:test="http://www.mulesoft.org/schema/mule/test"
      xsi:schemaLocation="http://www.mulesoft.org/schema/mule/test http://www.mulesoft.org/schema/mule/test/current/mule-test.xsd
       http://www.mulesoft.org/schema/mule/core http://www.mulesoft.org/schema/mule/core/current/mule.xsd">

    <object name="exceptionBean" class="java.io.IOException" />

    <flow name="testService1">
        <test:processor enableNotifications="false"
            enableMessageHistory="false"/>
    </flow>

</mule>
