<mule xmlns="http://www.mulesoft.org/schema/mule/core"
      xmlns:spring="http://www.mulesoft.org/schema/mule/spring"
      xmlns:xsi="http://www.w3.org/2001/XMLSchema-instance"
      xsi:schemaLocation="
       http://www.mulesoft.org/schema/mule/spring http://www.mulesoft.org/schema/mule/spring/current/mule-spring.xsd
       http://www.mulesoft.org/schema/mule/core http://www.mulesoft.org/schema/mule/core/current/mule.xsd">

    <spring:config name="springConfig" files="test-custom-transaction-manager-beans.xml"/>

    <custom-transaction-manager class="org.mule.tck.testmodels.mule.TestTransactionManagerFactory">
        <environment ref="managerEnvironment" />
    </custom-transaction-manager>

</mule>
